[41;37m./luci-app-aliddns: has no/multi config file(s), skipping...[0m
[41;37m./luci-app-aliddns: has no/multi config file(s), skipping...[0m
[41;37m./luci-app-aliddns: has no/multi config file(s), skipping...[0m
[41;37m./luci-app-aliddns: has no/multi config file(s), skipping...[0m
[41;37m./luci-app-aliddns: has no/multi config file(s), skipping...[0m
[41;37m./luci-app-aliddns: has no/multi config file(s), skipping...[0m
[41;37m./luci-app-arpbind: has no/multi config file(s), skipping...[0m
[41;37m./luci-app-arpbind: has no/multi config file(s), skipping...[0m
[41;37m./luci-app-arpbind: has no/multi config file(s), skipping...[0m
[41;37m./luci-app-arpbind: has no/multi config file(s), skipping...[0m
[41;37m./luci-app-arpbind: has no/multi config file(s), skipping...[0m
[41;37m./luci-app-autorepeater: has no/multi config file(s), skipping...[0m
[41;37m./luci-app-autorepeater: has no/multi config file(s), skipping...[0m
[41;37m./luci-app-autorepeater: has no/multi config file(s), skipping...[0m
[41;37m./luci-app-autorepeater: has no/multi config file(s), skipping...[0m
[41;37m./luci-app-autorepeater: has no/multi config file(s), skipping...[0m
[41;37m./luci-app-autorepeater: has no/multi config file(s), skipping...[0m
[41;37m./luci-app-autorepeater: has no/multi config file(s), skipping...[0m
[41;37m./luci-app-autorepeater: has no/multi config file(s), skipping...[0m
[41;37m./luci-app-bandwidthd: has no/multi config file(s), skipping...[0m
[41;37m./luci-app-bandwidthd: has no/multi config file(s), skipping...[0m
[41;37m./luci-app-bandwidthd: has no/multi config file(s), skipping...[0m
[41;37m./luci-app-bandwidthd: has no/multi config file(s), skipping...[0m
[41;37m./luci-app-bandwidthd: has no/multi config file(s), skipping...[0m
[41;37m./luci-app-bandwidthd: has no/multi config file(s), skipping...[0m
[41;37m./luci-app-cellled: has no/multi config file(s), skipping...[0m
[41;37m./luci-app-cellled: has no/multi config file(s), skipping...[0m
[41;37m./luci-app-cellled: has no/multi config file(s), skipping...[0m
[41;37m./luci-app-cellled: has no/multi config file(s), skipping...[0m
[41;37m./luci-app-ddnsto: has no/multi config file(s), skipping...[0m
[41;37m./luci-app-ddnsto: has no/multi config file(s), skipping...[0m
[41;37m./luci-app-ddnsto: has no/multi config file(s), skipping...[0m
[41;37m./luci-app-ddnsto: has no/multi config file(s), skipping...[0m
[41;37m./luci-app-ddnsto: has no/multi config file(s), skipping...[0m
[41;37m./luci-app-diskman: has no/multi config file(s), skipping...[0m
[41;37m./luci-app-diskman: has no/multi config file(s), skipping...[0m
[41;37m./luci-app-diskman: has no/multi config file(s), skipping...[0m
[41;37m./luci-app-diskman: has no/multi config file(s), skipping...[0m
[41;37m./luci-app-dnscrypt-proxy2: has no/multi config file(s), skipping...[0m
[41;37m./luci-app-dnscrypt-proxy2: has no/multi config file(s), skipping...[0m
[41;37m./luci-app-dnscrypt-proxy2: has no/multi config file(s), skipping...[0m
[41;37m./luci-app-dnscrypt-proxy2: has no/multi config file(s), skipping...[0m
[41;37m./luci-app-dnscrypt-proxy2: has no/multi config file(s), skipping...[0m
[41;37m./luci-app-dnscrypt-proxy2: has no/multi config file(s), skipping...[0m
[41;37m./luci-app-dnsforwarder: has no/multi config file(s), skipping...[0m
[41;37m./luci-app-dnsforwarder: has no/multi config file(s), skipping...[0m
[41;37m./luci-app-dnsforwarder: has no/multi config file(s), skipping...[0m
[41;37m./luci-app-dnsforwarder: has no/multi config file(s), skipping...[0m
[41;37m./luci-app-dnsmasq-ipset: has no/multi config file(s), skipping...[0m
[41;37m./luci-app-dnsmasq-ipset: has no/multi config file(s), skipping...[0m
[41;37m./luci-app-dnsmasq-ipset: has no/multi config file(s), skipping...[0m
[41;37m./luci-app-dnsmasq-ipset: has no/multi config file(s), skipping...[0m
[41;37m./luci-app-dnsmasq-ipset: has no/multi config file(s), skipping...[0m
[41;37m./luci-app-dnsmasq-ipset: has no/multi config file(s), skipping...[0m
[41;37m./luci-app-dnsmasq-ipset: has no/multi config file(s), skipping...[0m
[41;37m./luci-app-dump1090: has no/multi config file(s), skipping...[0m
[41;37m./luci-app-dump1090: has no/multi config file(s), skipping...[0m
[41;37m./luci-app-dump1090: has no/multi config file(s), skipping...[0m
[41;37m./luci-app-dump1090: has no/multi config file(s), skipping...[0m
[41;37m./luci-app-e2guardian: has no/multi config file(s), skipping...[0m
[41;37m./luci-app-e2guardian: has no/multi config file(s), skipping...[0m
[41;37m./luci-app-e2guardian: has no/multi config file(s), skipping...[0m
[41;37m./luci-app-filetransfer: has no/multi config file(s), skipping...[0m
[41;37m./luci-app-filetransfer: has no/multi config file(s), skipping...[0m
[41;37m./luci-app-filetransfer: has no/multi config file(s), skipping...[0m
[41;37m./luci-app-filetransfer: has no/multi config file(s), skipping...[0m
[41;37m./luci-app-filetransfer: has no/multi config file(s), skipping...[0m
[41;37m./luci-app-gpsysupgrade: has no/multi config file(s), skipping...[0m
[41;37m./luci-app-gpsysupgrade: has no/multi config file(s), skipping...[0m
[41;37m./luci-app-gpsysupgrade: has no/multi config file(s), skipping...[0m
[41;37m./luci-app-gpsysupgrade: has no/multi config file(s), skipping...[0m
[41;37m./luci-app-gpsysupgrade: has no/multi config file(s), skipping...[0m
[41;37m./luci-app-gpsysupgrade: has no/multi config file(s), skipping...[0m
[41;37m./luci-app-homebox: has no/multi config file(s), skipping...[0m
[41;37m./luci-app-homebox: has no/multi config file(s), skipping...[0m
[41;37m./luci-app-homebox: has no/multi config file(s), skipping...[0m
[41;37m./luci-app-homebox: has no/multi config file(s), skipping...[0m
[41;37m./luci-app-homebox: has no/multi config file(s), skipping...[0m
[41;37m./luci-app-homebridge: has no/multi config file(s), skipping...[0m
[41;37m./luci-app-homebridge: has no/multi config file(s), skipping...[0m
[41;37m./luci-app-homebridge: has no/multi config file(s), skipping...[0m
[41;37m./luci-app-homebridge: has no/multi config file(s), skipping...[0m
[41;37m./luci-app-iptvhelper: has no/multi config file(s), skipping...[0m
[41;37m./luci-app-iptvhelper: has no/multi config file(s), skipping...[0m
[41;37m./luci-app-iptvhelper: has no/multi config file(s), skipping...[0m
[41;37m./luci-app-iptvhelper: has no/multi config file(s), skipping...[0m
[41;37m./luci-app-iptvhelper: has no/multi config file(s), skipping...[0m
[41;37m./luci-app-irqbalance: has no/multi config file(s), skipping...[0m
[41;37m./luci-app-irqbalance: has no/multi config file(s), skipping...[0m
[41;37m./luci-app-irqbalance: has no/multi config file(s), skipping...[0m
[41;37m./luci-app-irqbalance: has no/multi config file(s), skipping...[0m
[41;37m./luci-app-irqbalance: has no/multi config file(s), skipping...[0m
[41;37m./luci-app-istorex: has no/multi config file(s), skipping...[0m
[41;37m./luci-app-istorex: has no/multi config file(s), skipping...[0m
[41;37m./luci-app-istorex: has no/multi config file(s), skipping...[0m
[41;37m./luci-app-istorex: has no/multi config file(s), skipping...[0m
[41;37m./luci-app-istorex: has no/multi config file(s), skipping...[0m
[41;37m./luci-app-ledtrig-rssi: has no/multi config file(s), skipping...[0m
[41;37m./luci-app-ledtrig-rssi: has no/multi config file(s), skipping...[0m
[41;37m./luci-app-ledtrig-rssi: has no/multi config file(s), skipping...[0m
[41;37m./luci-app-ledtrig-switch: has no/multi config file(s), skipping...[0m
[41;37m./luci-app-ledtrig-switch: has no/multi config file(s), skipping...[0m
[41;37m./luci-app-ledtrig-switch: has no/multi config file(s), skipping...[0m
[41;37m./luci-app-ledtrig-usbport: has no/multi config file(s), skipping...[0m
[41;37m./luci-app-ledtrig-usbport: has no/multi config file(s), skipping...[0m
[41;37m./luci-app-ledtrig-usbport: has no/multi config file(s), skipping...[0m
[41;37m./luci-app-linkease: has no/multi config file(s), skipping...[0m
[41;37m./luci-app-linkease: has no/multi config file(s), skipping...[0m
[41;37m./luci-app-linkease: has no/multi config file(s), skipping...[0m
[41;37m./luci-app-linkease: has no/multi config file(s), skipping...[0m
[41;37m./luci-app-linkease: has no/multi config file(s), skipping...[0m
[41;37m./luci-app-ltqtapi: has no/multi config file(s), skipping...[0m
[41;37m./luci-app-ltqtapi: has no/multi config file(s), skipping...[0m
[41;37m./luci-app-ltqtapi: has no/multi config file(s), skipping...[0m
[41;37m./luci-app-minieap: has no/multi config file(s), skipping...[0m
[41;37m./luci-app-minieap: has no/multi config file(s), skipping...[0m
[41;37m./luci-app-minieap: has no/multi config file(s), skipping...[0m
[41;37m./luci-app-minieap: has no/multi config file(s), skipping...[0m
[41;37m./luci-app-minieap: has no/multi config file(s), skipping...[0m
[41;37m./luci-app-mwan3: has no/multi config file(s), skipping...[0m
[41;37m./luci-app-mwan3: has no/multi config file(s), skipping...[0m
[41;37m./luci-app-mwan3: has no/multi config file(s), skipping...[0m
[41;37m./luci-app-mwan3: has no/multi config file(s), skipping...[0m
[41;37m./luci-app-mwan3: has no/multi config file(s), skipping...[0m
[41;37m./luci-app-n2n: has no/multi config file(s), skipping...[0m
[41;37m./luci-app-n2n: has no/multi config file(s), skipping...[0m
[41;37m./luci-app-n2n: has no/multi config file(s), skipping...[0m
[41;37m./luci-app-n2n: has no/multi config file(s), skipping...[0m
[41;37m./luci-app-n2n: has no/multi config file(s), skipping...[0m
[41;37m./luci-app-netdata: has no/multi config file(s), skipping...[0m
[41;37m./luci-app-netdata: has no/multi config file(s), skipping...[0m
[41;37m./luci-app-netdata: has no/multi config file(s), skipping...[0m
[41;37m./luci-app-netdata: has no/multi config file(s), skipping...[0m
[41;37m./luci-app-ocserv: has no/multi config file(s), skipping...[0m
[41;37m./luci-app-ocserv: has no/multi config file(s), skipping...[0m
[41;37m./luci-app-ocserv: has no/multi config file(s), skipping...[0m
[41;37m./luci-app-olsr-services: has no/multi config file(s), skipping...[0m
[41;37m./luci-app-olsr-services: has no/multi config file(s), skipping...[0m
[41;37m./luci-app-olsr-services: has no/multi config file(s), skipping...[0m
[41;37m./luci-app-olsr-viz: has no/multi config file(s), skipping...[0m
[41;37m./luci-app-olsr-viz: has no/multi config file(s), skipping...[0m
[41;37m./luci-app-olsr-viz: has no/multi config file(s), skipping...[0m
[41;37m./luci-app-olsr-viz: has no/multi config file(s), skipping...[0m
[41;37m./luci-app-onliner: has no/multi config file(s), skipping...[0m
[41;37m./luci-app-onliner: has no/multi config file(s), skipping...[0m
[41;37m./luci-app-onliner: has no/multi config file(s), skipping...[0m
[41;37m./luci-app-onliner: has no/multi config file(s), skipping...[0m
[41;37m./luci-app-onliner: has no/multi config file(s), skipping...[0m
[41;37m./luci-app-onliner: has no/multi config file(s), skipping...[0m
[41;37m./luci-app-onliner: has no/multi config file(s), skipping...[0m
[41;37m./luci-app-pagekitec: has no/multi config file(s), skipping...[0m
[41;37m./luci-app-pagekitec: has no/multi config file(s), skipping...[0m
[41;37m./luci-app-pagekitec: has no/multi config file(s), skipping...[0m
[41;37m./luci-app-pagekitec: has no/multi config file(s), skipping...[0m
[41;37m./luci-app-pagekitec: has no/multi config file(s), skipping...[0m
[41;37m./luci-app-pgyvpn: has no/multi config file(s), skipping...[0m
[41;37m./luci-app-pgyvpn: has no/multi config file(s), skipping...[0m
[41;37m./luci-app-pgyvpn: has no/multi config file(s), skipping...[0m
[41;37m./luci-app-pgyvpn: has no/multi config file(s), skipping...[0m
[41;37m./luci-app-pikpak-webdav: has no/multi config file(s), skipping...[0m
[41;37m./luci-app-pikpak-webdav: has no/multi config file(s), skipping...[0m
[41;37m./luci-app-pikpak-webdav: has no/multi config file(s), skipping...[0m
[41;37m./luci-app-pikpak-webdav: has no/multi config file(s), skipping...[0m
[41;37m./luci-app-pikpak-webdav: has no/multi config file(s), skipping...[0m
[41;37m./luci-app-poweroff: has no/multi config file(s), skipping...[0m
[41;37m./luci-app-poweroff: has no/multi config file(s), skipping...[0m
[41;37m./luci-app-poweroff: has no/multi config file(s), skipping...[0m
[41;37m./luci-app-poweroff: has no/multi config file(s), skipping...[0m
[41;37m./luci-app-poweroff: has no/multi config file(s), skipping...[0m
[41;37m./luci-app-poweroff: has no/multi config file(s), skipping...[0m
[41;37m./luci-app-ps3netsrv: has no/multi config file(s), skipping...[0m
[41;37m./luci-app-ps3netsrv: has no/multi config file(s), skipping...[0m
[41;37m./luci-app-ps3netsrv: has no/multi config file(s), skipping...[0m
[41;37m./luci-app-ps3netsrv: has no/multi config file(s), skipping...[0m
[41;37m./luci-app-ps3netsrv: has no/multi config file(s), skipping...[0m
[41;37m./luci-app-quickstart: has no/multi config file(s), skipping...[0m
[41;37m./luci-app-quickstart: has no/multi config file(s), skipping...[0m
[41;37m./luci-app-quickstart: has no/multi config file(s), skipping...[0m
[41;37m./luci-app-quickstart: has no/multi config file(s), skipping...[0m
[41;37m./luci-app-quickstart: has no/multi config file(s), skipping...[0m
[41;37m./luci-app-ramfree: has no/multi config file(s), skipping...[0m
[41;37m./luci-app-ramfree: has no/multi config file(s), skipping...[0m
[41;37m./luci-app-ramfree: has no/multi config file(s), skipping...[0m
[41;37m./luci-app-ramfree: has no/multi config file(s), skipping...[0m
[41;37m./luci-app-rclone: has no/multi config file(s), skipping...[0m
[41;37m./luci-app-rclone: has no/multi config file(s), skipping...[0m
[41;37m./luci-app-rclone: has no/multi config file(s), skipping...[0m
[41;37m./luci-app-rclone: has no/multi config file(s), skipping...[0m
[41;37m./luci-app-rclone: has no/multi config file(s), skipping...[0m
[41;37m./luci-app-rp-pppoe-server: has no/multi config file(s), skipping...[0m
[41;37m./luci-app-rp-pppoe-server: has no/multi config file(s), skipping...[0m
[41;37m./luci-app-rp-pppoe-server: has no/multi config file(s), skipping...[0m
[41;37m./luci-app-shadowsocks-libev: has no/multi config file(s), skipping...[0m
[41;37m./luci-app-shadowsocks-libev: has no/multi config file(s), skipping...[0m
[41;37m./luci-app-shadowsocks-libev: has no/multi config file(s), skipping...[0m
[41;37m./luci-app-shadowsocks-libev: has no/multi config file(s), skipping...[0m
[41;37m./luci-app-squid: has no/multi config file(s), skipping...[0m
[41;37m./luci-app-squid: has no/multi config file(s), skipping...[0m
[41;37m./luci-app-squid: has no/multi config file(s), skipping...[0m
[41;37m./luci-app-store: has no/multi config file(s), skipping...[0m
[41;37m./luci-app-store: has no/multi config file(s), skipping...[0m
[41;37m./luci-app-store: has no/multi config file(s), skipping...[0m
[41;37m./luci-app-store: has no/multi config file(s), skipping...[0m
[41;37m./luci-app-store: has no/multi config file(s), skipping...[0m
[41;37m./luci-app-store: has no/multi config file(s), skipping...[0m
[41;37m./luci-app-store: has no/multi config file(s), skipping...[0m
[41;37m./luci-app-tasks: has no/multi config file(s), skipping...[0m
[41;37m./luci-app-tasks: has no/multi config file(s), skipping...[0m
[41;37m./luci-app-tasks: has no/multi config file(s), skipping...[0m
[41;37m./luci-app-tasks: has no/multi config file(s), skipping...[0m
[41;37m./luci-app-tcpdump: has no/multi config file(s), skipping...[0m
[41;37m./luci-app-tcpdump: has no/multi config file(s), skipping...[0m
[41;37m./luci-app-tcpdump: has no/multi config file(s), skipping...[0m
[41;37m./luci-app-tcpdump: has no/multi config file(s), skipping...[0m
[41;37m./luci-app-tcpdump: has no/multi config file(s), skipping...[0m
[41;37m./luci-app-tcpdump: has no/multi config file(s), skipping...[0m
[41;37m./luci-app-tencentcloud-cos: has no/multi config file(s), skipping...[0m
[41;37m./luci-app-tencentcloud-cos: has no/multi config file(s), skipping...[0m
[41;37m./luci-app-tencentcloud-cos: has no/multi config file(s), skipping...[0m
[41;37m./luci-app-tencentcloud-cos: has no/multi config file(s), skipping...[0m
[41;37m./luci-app-tencentddns: has no/multi config file(s), skipping...[0m
[41;37m./luci-app-tencentddns: has no/multi config file(s), skipping...[0m
[41;37m./luci-app-tencentddns: has no/multi config file(s), skipping...[0m
[41;37m./luci-app-tencentddns: has no/multi config file(s), skipping...[0m
[41;37m./luci-app-tencentddns: has no/multi config file(s), skipping...[0m
[41;37m./luci-app-transmission: has no/multi config file(s), skipping...[0m
[41;37m./luci-app-transmission: has no/multi config file(s), skipping...[0m
[41;37m./luci-app-transmission: has no/multi config file(s), skipping...[0m
[41;37m./luci-app-transmission: has no/multi config file(s), skipping...[0m
[41;37m./luci-app-transmission: has no/multi config file(s), skipping...[0m
[41;37m./luci-app-ttyd: has no/multi config file(s), skipping...[0m
[41;37m./luci-app-ttyd: has no/multi config file(s), skipping...[0m
[41;37m./luci-app-ttyd: has no/multi config file(s), skipping...[0m
[41;37m./luci-app-ttyd: has no/multi config file(s), skipping...[0m
[41;37m./luci-app-udpxy: has no/multi config file(s), skipping...[0m
[41;37m./luci-app-udpxy: has no/multi config file(s), skipping...[0m
[41;37m./luci-app-udpxy: has no/multi config file(s), skipping...[0m
[41;37m./luci-app-udpxy: has no/multi config file(s), skipping...[0m
[41;37m./luci-app-udpxy: has no/multi config file(s), skipping...[0m
[41;37m./luci-app-unbound: has no/multi config file(s), skipping...[0m
[41;37m./luci-app-unbound: has no/multi config file(s), skipping...[0m
[41;37m./luci-app-unbound: has no/multi config file(s), skipping...[0m
[41;37m./luci-app-unbound: has no/multi config file(s), skipping...[0m
[41;37m./luci-app-vsftpd: has no/multi config file(s), skipping...[0m
[41;37m./luci-app-vsftpd: has no/multi config file(s), skipping...[0m
[41;37m./luci-app-vsftpd: has no/multi config file(s), skipping...[0m
[41;37m./luci-app-vsftpd: has no/multi config file(s), skipping...[0m
[41;37m./luci-app-vsftpd: has no/multi config file(s), skipping...[0m
[41;37m./luci-app-webadmin: has no/multi config file(s), skipping...[0m
[41;37m./luci-app-webadmin: has no/multi config file(s), skipping...[0m
[41;37m./luci-app-webadmin: has no/multi config file(s), skipping...[0m
[41;37m./luci-app-webadmin: has no/multi config file(s), skipping...[0m
[41;37m./luci-app-webdav: has no/multi config file(s), skipping...[0m
[41;37m./luci-app-webdav: has no/multi config file(s), skipping...[0m
[41;37m./luci-app-webdav: has no/multi config file(s), skipping...[0m
[41;37m./luci-app-xunyou: has no/multi config file(s), skipping...[0m
[41;37m./luci-app-xunyou: has no/multi config file(s), skipping...[0m
[41;37m./luci-app-xunyou: has no/multi config file(s), skipping...[0m
[41;37m./luci-app-xunyou: has no/multi config file(s), skipping...[0m
[41;37m./luci-app-zerotier: has no/multi config file(s), skipping...[0m
[41;37m./luci-app-zerotier: has no/multi config file(s), skipping...[0m
[41;37m./luci-app-zerotier: has no/multi config file(s), skipping...[0m
[41;37m./luci-app-zerotier: has no/multi config file(s), skipping...[0m
[41;37m./luci-app-zerotier: has no/multi config file(s), skipping...[0m
[41;37m./mt/luci-app-mtwifi: has no/multi config file(s), skipping...[0m
